<?xml version="1.0" encoding="UTF-8"?>
<coverage generated="1613943565757" clover="3.2.0">
  <project timestamp="1613943565757" name="All files">
    <metrics statements="21" coveredstatements="21" conditionals="2" coveredconditionals="1" methods="9" coveredmethods="9" elements="32" coveredelements="31" complexity="0" loc="21" ncloc="21" packages="2" files="6" classes="6"/>
    <package name="src">
      <metrics statements="3" coveredstatements="3" conditionals="0" coveredconditionals="0" methods="1" coveredmethods="1"/>
      <file name="App.vue" path="/Users/maxim/Documents/projects-2020/portfolio/apps/budgetNoClass/src/App.vue">
        <metrics statements="3" coveredstatements="3" conditionals="0" coveredconditionals="0" methods="1" coveredmethods="1"/>
        <line num="60" count="1" type="stmt"/>
        <line num="64" count="1" type="stmt"/>
        <line num="71" count="1" type="stmt"/>
      </file>
    </package>
    <package name="src.components">
      <metrics statements="18" coveredstatements="18" conditionals="2" coveredconditionals="1" methods="8" coveredmethods="8"/>
      <file name="Content.vue" path="/Users/maxim/Documents/projects-2020/portfolio/apps/budgetNoClass/src/components/Content.vue">
        <metrics statements="6" coveredstatements="6" conditionals="0" coveredconditionals="0" methods="1" coveredmethods="1"/>
        <line num="19" count="1" type="stmt"/>
        <line num="23" count="1" type="stmt"/>
        <line num="24" count="1" type="stmt"/>
        <line num="25" count="1" type="stmt"/>
        <line num="26" count="1" type="stmt"/>
        <line num="34" count="1" type="stmt"/>
      </file>
      <file name="Filters.vue" path="/Users/maxim/Documents/projects-2020/portfolio/apps/budgetNoClass/src/components/Filters.vue">
        <metrics statements="8" coveredstatements="8" conditionals="2" coveredconditionals="1" methods="4" coveredmethods="4"/>
        <line num="28" count="2" type="stmt"/>
        <line num="39" count="3" type="stmt"/>
        <line num="40" count="3" type="stmt"/>
        <line num="41" count="9" type="stmt"/>
        <line num="43" count="3" type="stmt"/>
        <line num="44" count="6" type="stmt"/>
        <line num="46" count="3" type="cond" truecount="1" falsecount="1"/>
        <line num="47" count="3" type="stmt"/>
      </file>
      <file name="Form.vue" path="/Users/maxim/Documents/projects-2020/portfolio/apps/budgetNoClass/src/components/Form.vue">
        <metrics statements="2" coveredstatements="2" conditionals="0" coveredconditionals="0" methods="1" coveredmethods="1"/>
        <line num="35" count="1" type="stmt"/>
        <line num="43" count="1" type="stmt"/>
      </file>
      <file name="TotalBalance.vue" path="/Users/maxim/Documents/projects-2020/portfolio/apps/budgetNoClass/src/components/TotalBalance.vue">
        <metrics statements="1" coveredstatements="1" conditionals="0" coveredconditionals="0" methods="1" coveredmethods="1"/>
        <line num="17" count="1" type="stmt"/>
      </file>
      <file name="Transactions.vue" path="/Users/maxim/Documents/projects-2020/portfolio/apps/budgetNoClass/src/components/Transactions.vue">
        <metrics statements="1" coveredstatements="1" conditionals="0" coveredconditionals="0" methods="1" coveredmethods="1"/>
        <line num="14" count="1" type="stmt"/>
      </file>
    </package>
  </project>
</coverage>
