{"/Users/maxim/Documents/projects-2020/portfolio/apps/budgetNoClass/src/App.vue": {"path":"/Users/maxim/Documents/projects-2020/portfolio/apps/budgetNoClass/src/App.vue","statementMap":{"0":{"start":{"line":60,"column":0},"end":{"line":60,"column":null}},"1":{"start":{"line":64,"column":0},"end":{"line":64,"column":null}},"2":{"start":{"line":71,"column":0},"end":{"line":71,"column":null}}},"fnMap":{"0":{"name":"(anonymous_2)","decl":{"start":{"line":69,"column":0},"end":{"line":69,"column":null}},"loc":{"start":{"line":69,"column":0},"end":{"line":73,"column":null}}}},"branchMap":{},"s":{"0":1,"1":1,"2":1},"f":{"0":1},"b":{}}
,"/Users/maxim/Documents/projects-2020/portfolio/apps/budgetNoClass/src/components/Content.vue": {"path":"/Users/maxim/Documents/projects-2020/portfolio/apps/budgetNoClass/src/components/Content.vue","statementMap":{"0":{"start":{"line":19,"column":0},"end":{"line":19,"column":null}},"1":{"start":{"line":23,"column":0},"end":{"line":23,"column":null}},"2":{"start":{"line":24,"column":0},"end":{"line":24,"column":null}},"3":{"start":{"line":25,"column":0},"end":{"line":25,"column":null}},"4":{"start":{"line":26,"column":0},"end":{"line":26,"column":null}},"5":{"start":{"line":34,"column":0},"end":{"line":34,"column":null}}},"fnMap":{"0":{"name":"(anonymous_2)","decl":{"start":{"line":33,"column":0},"end":{"line":33,"column":null}},"loc":{"start":{"line":33,"column":0},"end":{"line":35,"column":null}}}},"branchMap":{},"s":{"0":1,"1":1,"2":1,"3":1,"4":1,"5":1},"f":{"0":1},"b":{}}
,"/Users/maxim/Documents/projects-2020/portfolio/apps/budgetNoClass/src/components/Filters.vue": {"path":"/Users/maxim/Documents/projects-2020/portfolio/apps/budgetNoClass/src/components/Filters.vue","statementMap":{"0":{"start":{"line":28,"column":0},"end":{"line":28,"column":null}},"1":{"start":{"line":39,"column":0},"end":{"line":39,"column":null}},"2":{"start":{"line":40,"column":0},"end":{"line":42,"column":null}},"3":{"start":{"line":41,"column":0},"end":{"line":41,"column":null}},"4":{"start":{"line":43,"column":0},"end":{"line":44,"column":null}},"5":{"start":{"line":44,"column":0},"end":{"line":44,"column":null}},"6":{"start":{"line":46,"column":0},"end":{"line":48,"column":null}},"7":{"start":{"line":47,"column":0},"end":{"line":47,"column":null}}},"fnMap":{"0":{"name":"(anonymous_1)","decl":{"start":{"line":25,"column":0},"end":{"line":25,"column":null}},"loc":{"start":{"line":25,"column":0},"end":{"line":35,"column":null}}},"1":{"name":"(anonymous_2)","decl":{"start":{"line":38,"column":0},"end":{"line":38,"column":null}},"loc":{"start":{"line":38,"column":0},"end":{"line":49,"column":null}}},"2":{"name":"(anonymous_3)","decl":{"start":{"line":40,"column":0},"end":{"line":40,"column":null}},"loc":{"start":{"line":40,"column":0},"end":{"line":42,"column":null}}},"3":{"name":"(anonymous_4)","decl":{"start":{"line":43,"column":0},"end":{"line":43,"column":null}},"loc":{"start":{"line":43,"column":0},"end":{"line":44,"column":null}}}},"branchMap":{"0":{"loc":{"start":{"line":46,"column":0},"end":{"line":48,"column":null}},"type":"if","locations":[{"start":{"line":46,"column":0},"end":{"line":48,"column":null}},{"start":{"line":46,"column":0},"end":{"line":48,"column":null}}]}},"s":{"0":2,"1":3,"2":3,"3":9,"4":3,"5":6,"6":3,"7":3},"f":{"0":2,"1":3,"2":9,"3":6},"b":{"0":[3,0]}}
,"/Users/maxim/Documents/projects-2020/portfolio/apps/budgetNoClass/src/components/Form.vue": {"path":"/Users/maxim/Documents/projects-2020/portfolio/apps/budgetNoClass/src/components/Form.vue","statementMap":{"0":{"start":{"line":35,"column":0},"end":{"line":35,"column":null}},"1":{"start":{"line":43,"column":0},"end":{"line":43,"column":null}}},"fnMap":{"0":{"name":"(anonymous_2)","decl":{"start":{"line":42,"column":0},"end":{"line":42,"column":null}},"loc":{"start":{"line":42,"column":0},"end":{"line":46,"column":null}}}},"branchMap":{},"s":{"0":1,"1":1},"f":{"0":1},"b":{}}
,"/Users/maxim/Documents/projects-2020/portfolio/apps/budgetNoClass/src/components/TotalBalance.vue": {"path":"/Users/maxim/Documents/projects-2020/portfolio/apps/budgetNoClass/src/components/TotalBalance.vue","statementMap":{"0":{"start":{"line":17,"column":0},"end":{"line":17,"column":null}}},"fnMap":{"0":{"name":"(anonymous_1)","decl":{"start":{"line":16,"column":0},"end":{"line":16,"column":null}},"loc":{"start":{"line":16,"column":0},"end":{"line":18,"column":null}}}},"branchMap":{},"s":{"0":1},"f":{"0":1},"b":{}}
,"/Users/maxim/Documents/projects-2020/portfolio/apps/budgetNoClass/src/components/Transactions.vue": {"path":"/Users/maxim/Documents/projects-2020/portfolio/apps/budgetNoClass/src/components/Transactions.vue","statementMap":{"0":{"start":{"line":14,"column":0},"end":{"line":14,"column":null}}},"fnMap":{"0":{"name":"(anonymous_1)","decl":{"start":{"line":13,"column":0},"end":{"line":13,"column":null}},"loc":{"start":{"line":13,"column":0},"end":{"line":15,"column":null}}}},"branchMap":{},"s":{"0":1},"f":{"0":1},"b":{}}
}
