TN:
SF:/Users/maxim/Documents/projects-2020/portfolio/apps/budgetNoClass/src/App.vue
FN:69,(anonymous_2)
FNF:1
FNH:1
FNDA:1,(anonymous_2)
DA:60,1
DA:64,1
DA:71,1
LF:3
LH:3
BRF:0
BRH:0
end_of_record
TN:
SF:/Users/maxim/Documents/projects-2020/portfolio/apps/budgetNoClass/src/components/Content.vue
FN:33,(anonymous_2)
FNF:1
FNH:1
FNDA:1,(anonymous_2)
DA:19,1
DA:23,1
DA:24,1
DA:25,1
DA:26,1
DA:34,1
LF:6
LH:6
BRF:0
BRH:0
end_of_record
TN:
SF:/Users/maxim/Documents/projects-2020/portfolio/apps/budgetNoClass/src/components/Filters.vue
FN:25,(anonymous_1)
FN:38,(anonymous_2)
FN:40,(anonymous_3)
FN:43,(anonymous_4)
FNF:4
FNH:4
FNDA:2,(anonymous_1)
FNDA:3,(anonymous_2)
FNDA:9,(anonymous_3)
FNDA:6,(anonymous_4)
DA:28,2
DA:39,3
DA:40,3
DA:41,9
DA:43,3
DA:44,6
DA:46,3
DA:47,3
LF:8
LH:8
BRDA:46,0,0,3
BRDA:46,0,1,0
BRF:2
BRH:1
end_of_record
TN:
SF:/Users/maxim/Documents/projects-2020/portfolio/apps/budgetNoClass/src/components/Form.vue
FN:42,(anonymous_2)
FNF:1
FNH:1
FNDA:1,(anonymous_2)
DA:35,1
DA:43,1
LF:2
LH:2
BRF:0
BRH:0
end_of_record
TN:
SF:/Users/maxim/Documents/projects-2020/portfolio/apps/budgetNoClass/src/components/TotalBalance.vue
FN:16,(anonymous_1)
FNF:1
FNH:1
FNDA:1,(anonymous_1)
DA:17,1
LF:1
LH:1
BRF:0
BRH:0
end_of_record
TN:
SF:/Users/maxim/Documents/projects-2020/portfolio/apps/budgetNoClass/src/components/Transactions.vue
FN:13,(anonymous_1)
FNF:1
FNH:1
FNDA:1,(anonymous_1)
DA:14,1
LF:1
LH:1
BRF:0
BRH:0
end_of_record
